<?xml version="1.0" encoding="UTF-8"?>
<testng-results skipped="0" failed="0" ignored="0" total="1" passed="1">
  <reporter-output>
  </reporter-output>
  <suite name="home.hr_task.BaseTest" duration-ms="8343" started-at="2017-10-08T17:08:13Z" finished-at="2017-10-08T17:08:21Z">
    <groups>
    </groups>
    <test name="Command line test" duration-ms="8343" started-at="2017-10-08T17:08:13Z" finished-at="2017-10-08T17:08:21Z">
      <class name="home.hr_task.BaseTest">
        <test-method status="PASS" signature="setUp()[pri:0, instance:home.hr_task.BaseTest@6be46e8f]" name="setUp" is-config="true" duration-ms="3507" started-at="2017-10-08T20:08:13Z" finished-at="2017-10-08T20:08:17Z">
          <reporter-output>
          </reporter-output>
        </test-method> <!-- setUp -->
        <test-method status="PASS" signature="testEmail(java.lang.String, java.lang.String)[pri:0, instance:home.hr_task.BaseTest@6be46e8f]" name="testEmail" duration-ms="4508" started-at="2017-10-08T20:08:17Z" data-provider="test1" finished-at="2017-10-08T20:08:21Z">
          <params>
            <param index="0">
              <value>
                <![CDATA[hr_asked_me]]>
              </value>
            </param>
            <param index="1">
              <value>
                <![CDATA[12345qwerty]]>
              </value>
            </param>
          </params>
          <reporter-output>
          </reporter-output>
        </test-method> <!-- testEmail -->
        <test-method status="PASS" signature="tearDown()[pri:0, instance:home.hr_task.BaseTest@6be46e8f]" name="tearDown" is-config="true" duration-ms="314" started-at="2017-10-08T20:08:21Z" finished-at="2017-10-08T20:08:21Z">
          <reporter-output>
          </reporter-output>
        </test-method> <!-- tearDown -->
      </class> <!-- home.hr_task.BaseTest -->
    </test> <!-- Command line test -->
  </suite> <!-- home.hr_task.BaseTest -->
</testng-results>
